-------------------------------------------------------------------------------
Test set: com.example.service.ServiceTest
-------------------------------------------------------------------------------
Tests run: 75, Failures: 0, Errors: 2, Skipped: 0, Time elapsed: 0.141 s <<< FAILURE! - in com.example.service.ServiceTest
com.example.service.ServiceTest.testDeleteProductFromCart_ProductNotInCart  Time elapsed: 0.002 s  <<< ERROR!
java.lang.IllegalArgumentException: Cart not found!
	at com.example.repository.CartRepository.lambda$deleteProductFromCart$4(CartRepository.java:109)
	at java.base/java.util.Optional.orElseThrow(Optional.java:403)
	at com.example.repository.CartRepository.deleteProductFromCart(CartRepository.java:109)
	at com.example.service.CartService.deleteProductFromCart(CartService.java:73)
	at com.example.service.ServiceTest.testDeleteProductFromCart_ProductNotInCart(ServiceTest.java:961)
	at java.base/java.lang.reflect.Method.invoke(Method.java:580)
	at java.base/java.util.ArrayList.forEach(ArrayList.java:1597)
	at java.base/java.util.ArrayList.forEach(ArrayList.java:1597)

com.example.service.ServiceTest.testDeleteProductFromCart_Success  Time elapsed: 0.002 s  <<< ERROR!
java.lang.IllegalArgumentException: Cart not found!
	at com.example.repository.CartRepository.lambda$deleteProductFromCart$4(CartRepository.java:109)
	at java.base/java.util.Optional.orElseThrow(Optional.java:403)
	at com.example.repository.CartRepository.deleteProductFromCart(CartRepository.java:109)
	at com.example.service.CartService.deleteProductFromCart(CartService.java:73)
	at com.example.service.ServiceTest.testDeleteProductFromCart_Success(ServiceTest.java:941)
	at java.base/java.lang.reflect.Method.invoke(Method.java:580)
	at java.base/java.util.ArrayList.forEach(ArrayList.java:1597)
	at java.base/java.util.ArrayList.forEach(ArrayList.java:1597)

