<?xml version="1.0" encoding="UTF-8"?>
<testsuite xmlns:xsi="http://www.w3.org/2001/XMLSchema-instance" xsi:noNamespaceSchemaLocation="https://maven.apache.org/surefire/maven-surefire-plugin/xsd/surefire-test-report-3.0.xsd" version="3.0" name="com.example.MiniProject1.MiniProject1ApplicationTests" time="1.137" tests="27" errors="0" skipped="0" failures="0">
  <properties>
[...]
</properties>
  <testcase name="testGetUsersEndPoint" classname="com.example.MiniProject1.MiniProject1ApplicationTests" time="0.236">
    <system-out><![CDATA[06:54:58.332 [main] INFO org.springframework.test.context.support.AnnotationConfigContextLoaderUtils -- Could not detect default configuration classes for test class [com.example.MiniProject1.MiniProject1ApplicationTests]: MiniProject1ApplicationTests does not declare any static, non-private, non-final, nested classes annotated with @Configuration.
06:54:58.390 [main] INFO org.springframework.boot.test.context.SpringBootTestContextBootstrapper -- Found @SpringBootConfiguration com.example.MiniProject1.MiniProject1Application for test class com.example.MiniProject1.MiniProject1ApplicationTests
06:54:58.426 [main] INFO org.springframework.boot.devtools.restart.RestartApplicationListener -- Restart disabled due to context in which it is running

  .   ____          _            __ _ _
 /\\ / ___'_ __ _ _(_)_ __  __ _ \ \ \ \
( ( )\___ | '_ | '_| | '_ \/ _` | \ \ \ \
 \\/  ___)| |_)| | | | | || (_| |  ) ) ) )
  '  |____| .__|_| |_|_| |_\__, | / / / /
 =========|_|==============|___/=/_/_/_/

 :: Spring Boot ::                (v3.4.2)

2025-03-11T06:54:58.548+02:00  INFO 14491 --- [MiniProject1] [           main] c.e.M.MiniProject1ApplicationTests       : Starting MiniProject1ApplicationTests using Java 23.0.2 with PID 14491 (started by Asmem in /Users/Asmem/Desktop/Scalabilty Learn/100-Random_06)
2025-03-11T06:54:58.548+02:00  INFO 14491 --- [MiniProject1] [           main] c.e.M.MiniProject1ApplicationTests       : No active profile set, falling back to 1 default profile: "default"
2025-03-11T06:54:58.999+02:00  INFO 14491 --- [MiniProject1] [           main] o.s.b.t.m.w.SpringBootMockServletContext : Initializing Spring TestDispatcherServlet ''
2025-03-11T06:54:58.999+02:00  INFO 14491 --- [MiniProject1] [           main] o.s.t.web.servlet.TestDispatcherServlet  : Initializing Servlet ''
2025-03-11T06:54:59.000+02:00  INFO 14491 --- [MiniProject1] [           main] o.s.t.web.servlet.TestDispatcherServlet  : Completed initialization in 1 ms
2025-03-11T06:54:59.009+02:00  INFO 14491 --- [MiniProject1] [           main] c.e.M.MiniProject1ApplicationTests       : Started MiniProject1ApplicationTests in 0.588 seconds (process running for 1.056)
]]></system-out>
  </testcase>
  <testcase name="testGetCartByIdEndPoint" classname="com.example.MiniProject1.MiniProject1ApplicationTests" time="0.015">
    <system-out><![CDATA[All Carts: [{"products":[],"id":"3d35178a-3838-44be-86d1-d14da94109a8","userId":"afa940f6-40c9-4787-9e77-c33d0016278d"}]
]]></system-out>
  </testcase>
  <testcase name="testEmptyCartEndpoint" classname="com.example.MiniProject1.MiniProject1ApplicationTests" time="0.009">
    <system-out><![CDATA[All users: [{"id":"35e5a01d-7d8c-4bc0-ab62-4c9e782011ea","name":"Test User13","orders":[]}]
Before deletion: [{"products":[{"id":"c45b649d-cfde-4608-95da-857a0c765d9b","name":"Test Product","price":100.0}],"id":"02889f01-9dc7-45c7-a678-b853aef31c96","userId":"35e5a01d-7d8c-4bc0-ab62-4c9e782011ea"}]
Cart deleted: 02889f01-9dc7-45c7-a678-b853aef31c96
Saving: []
After deletion: []
New cart created for user: 35e5a01d-7d8c-4bc0-ab62-4c9e782011ea
Saved carts: [{"products":[],"id":"02889f01-9dc7-45c7-a678-b853aef31c96","userId":"35e5a01d-7d8c-4bc0-ab62-4c9e782011ea"}]
]]></system-out>
  </testcase>
  <testcase name="testAddOrderEndPoint" classname="com.example.MiniProject1.MiniProject1ApplicationTests" time="0.012">
    <system-out><![CDATA[Saving: [{"products":[],"id":"8600f521-0389-476d-868a-04d8da7b38cc","userId":"2998959a-0870-4a62-aee0-32d8711e91c1","totalPrice":10.0}]
]]></system-out>
  </testcase>
  <testcase name="testApplyDiscountEndPoint" classname="com.example.MiniProject1.MiniProject1ApplicationTests" time="0.006">
    <system-out><![CDATA[Saving: [{"id":"13586675-406f-4ec2-94c5-d8d6f3bcc7d0","name":"Test Product","price":9.0}]
]]></system-out>
  </testcase>
  <testcase name="testDeleteOrderByIdEndPoint" classname="com.example.MiniProject1.MiniProject1ApplicationTests" time="0.003">
    <system-out><![CDATA[Saving: []
]]></system-out>
  </testcase>
  <testcase name="testGetOrdersByUserIdEndPoint" classname="com.example.MiniProject1.MiniProject1ApplicationTests" time="0.007">
    <system-out><![CDATA[All users: [{"id":"2a1ded8e-e8e2-4258-9eaf-15ac70b685a4","name":"Test User10","orders":[{"products":[{"id":"ef3bbb2e-cf04-49b1-b571-6dcb19c82f09","name":"Test Product","price":10.0}],"id":"31ab0201-5bed-4b51-be8d-aa8166d137a4","userId":"2a1ded8e-e8e2-4258-9eaf-15ac70b685a4","totalPrice":10.0}]}]
]]></system-out>
  </testcase>
  <testcase name="testDeleteProductByIdEndPoint1" classname="com.example.MiniProject1.MiniProject1ApplicationTests" time="0.002">
    <system-out><![CDATA[Saving: []
]]></system-out>
  </testcase>
  <testcase name="testAddUserEndPoint" classname="com.example.MiniProject1.MiniProject1ApplicationTests" time="0.005">
    <system-out><![CDATA[Saving: [{"id":"0b23a8f8-99f2-47ae-adf4-d1538f827e61","name":"Test User3","orders":[]}]
New cart created for user: 0b23a8f8-99f2-47ae-adf4-d1538f827e61
Saved carts: [{"products":[],"id":"e82579cf-ede7-4513-be16-14d32b595ebb","userId":"0b23a8f8-99f2-47ae-adf4-d1538f827e61"}]
Cart after saving: {"products":[],"id":"e82579cf-ede7-4513-be16-14d32b595ebb","userId":"0b23a8f8-99f2-47ae-adf4-d1538f827e61"}
]]></system-out>
  </testcase>
  <testcase name="testGetCartsEndPoint" classname="com.example.MiniProject1.MiniProject1ApplicationTests" time="0.003"/>
  <testcase name="testAddOrderToUserEndPoint" classname="com.example.MiniProject1.MiniProject1ApplicationTests" time="0.009">
    <system-out><![CDATA[All users: [{"id":"e14b03b7-ba0a-4f08-9b3c-66e66a72791a","name":"Test User11","orders":[]}]
All users: [{"id":"e14b03b7-ba0a-4f08-9b3c-66e66a72791a","name":"Test User11","orders":[]}]
Saving: [{"products":[{"id":"656c4256-a76a-49d0-972b-22ea9204e3fe","name":"Test Product","price":10.0}],"id":"0edc390d-63d1-48bf-b68e-c6e711cf6b95","userId":"e14b03b7-ba0a-4f08-9b3c-66e66a72791a","totalPrice":10.0}]
Saving: [{"id":"e14b03b7-ba0a-4f08-9b3c-66e66a72791a","name":"Test User11","orders":[{"products":[{"id":"656c4256-a76a-49d0-972b-22ea9204e3fe","name":"Test Product","price":10.0}],"id":"0edc390d-63d1-48bf-b68e-c6e711cf6b95","userId":"e14b03b7-ba0a-4f08-9b3c-66e66a72791a","totalPrice":10.0}]}]
Before deletion: [{"products":[{"id":"656c4256-a76a-49d0-972b-22ea9204e3fe","name":"Test Product","price":10.0}],"id":"2442e155-ae9f-4ec5-bfeb-ea53e3b2f6ec","userId":"e14b03b7-ba0a-4f08-9b3c-66e66a72791a"}]
Cart deleted: 2442e155-ae9f-4ec5-bfeb-ea53e3b2f6ec
Saving: []
After deletion: []
New cart created for user: e14b03b7-ba0a-4f08-9b3c-66e66a72791a
Saved carts: [{"products":[],"id":"2442e155-ae9f-4ec5-bfeb-ea53e3b2f6ec","userId":"e14b03b7-ba0a-4f08-9b3c-66e66a72791a"}]
]]></system-out>
  </testcase>
  <testcase name="testUpdateProductEndPoint" classname="com.example.MiniProject1.MiniProject1ApplicationTests" time="0.007">
    <system-out><![CDATA[Received request body: {newName=UpdatedName, newPrice=20.0}
Saving: [{"id":"0b23867e-7cc1-4fda-821d-4cd9da6f57f3","name":"UpdatedName","price":20.0}]
]]></system-out>
  </testcase>
  <testcase name="testRemoveOrderOfUserEndPoint" classname="com.example.MiniProject1.MiniProject1ApplicationTests" time="0.006">
    <system-out><![CDATA[All users: [{"id":"70668bee-a253-42d2-966f-59e80fcd4347","name":"Test User12","orders":[{"products":[{"id":"2e08d555-a2ef-4daf-b44f-d1059a63e572","name":"Test Product","price":100.0}],"id":"3485600a-205c-4d39-94c0-1f93e5c0a7b7","userId":"70668bee-a253-42d2-966f-59e80fcd4347","totalPrice":100.0}]}]
All users: [{"id":"70668bee-a253-42d2-966f-59e80fcd4347","name":"Test User12","orders":[{"products":[{"id":"2e08d555-a2ef-4daf-b44f-d1059a63e572","name":"Test Product","price":100.0}],"id":"3485600a-205c-4d39-94c0-1f93e5c0a7b7","userId":"70668bee-a253-42d2-966f-59e80fcd4347","totalPrice":100.0}]}]
Before removal, user orders: [{"products":[{"id":"2e08d555-a2ef-4daf-b44f-d1059a63e572","name":"Test Product","price":100.0}],"id":"3485600a-205c-4d39-94c0-1f93e5c0a7b7","userId":"70668bee-a253-42d2-966f-59e80fcd4347","totalPrice":100.0}]
Saving: [{"id":"70668bee-a253-42d2-966f-59e80fcd4347","name":"Test User12","orders":[]}]
After removal, user orders: []
]]></system-out>
  </testcase>
  <testcase name="testGetProductByIdEndPoint" classname="com.example.MiniProject1.MiniProject1ApplicationTests" time="0.002"/>
  <testcase name="testGetProductsEndPoint" classname="com.example.MiniProject1.MiniProject1ApplicationTests" time="0.003">
    <system-out><![CDATA[Retrieved products: [{"id":"9ec91635-1cbe-4841-aafd-6bf798fa007d","name":"Test Product","price":10.0}]
]]></system-out>
  </testcase>
  <testcase name="testAddProductEndPoint" classname="com.example.MiniProject1.MiniProject1ApplicationTests" time="0.004">
    <system-out><![CDATA[Saving: [{"id":"b8bb3987-136c-4349-8b05-daba85651f7a","name":"Test Product","price":10.0}]
]]></system-out>
  </testcase>
  <testcase name="testDeleteProductFromCartEndPoint1" classname="com.example.MiniProject1.MiniProject1ApplicationTests" time="0.006">
    <system-out><![CDATA[All users: [{"id":"acebfe8d-9e03-4571-8d55-2c9191479946","name":"Test User15","orders":[]}]
Carts before Deleting product: [{"products":[{"id":"27b226e4-f18d-4df7-a216-bca19b12011d","name":"Test Product","price":10.0}],"id":"d08cf627-f08e-450a-b6e1-7d77a0d75a0d","userId":"acebfe8d-9e03-4571-8d55-2c9191479946"}]
Looking for cart ID: d08cf627-f08e-450a-b6e1-7d77a0d75a0d
Saved carts: [{"products":[],"id":"d08cf627-f08e-450a-b6e1-7d77a0d75a0d","userId":"acebfe8d-9e03-4571-8d55-2c9191479946"}]
Carts after saving: [{"products":[],"id":"d08cf627-f08e-450a-b6e1-7d77a0d75a0d","userId":"acebfe8d-9e03-4571-8d55-2c9191479946"}]
]]></system-out>
  </testcase>
  <testcase name="testDeleteProductFromCartEndPoint2" classname="com.example.MiniProject1.MiniProject1ApplicationTests" time="0.003">
    <system-out><![CDATA[All users: [{"id":"704bdb0a-f11c-4a05-bac9-e61a08f6019e","name":"Test User15","orders":[]}]
]]></system-out>
  </testcase>
  <testcase name="testDeleteOrderByIdEndPoint2" classname="com.example.MiniProject1.MiniProject1ApplicationTests" time="0.002"/>
  <testcase name="testGetOrdersEndPoint" classname="com.example.MiniProject1.MiniProject1ApplicationTests" time="0.002"/>
  <testcase name="testGetOrderByIdEndPoint" classname="com.example.MiniProject1.MiniProject1ApplicationTests" time="0.003"/>
  <testcase name="testAddProductToCartEndPoint" classname="com.example.MiniProject1.MiniProject1ApplicationTests" time="0.007">
    <system-out><![CDATA[All users: [{"id":"cff28e2b-eae7-49f7-8608-05ced81af965","name":"Test User14","orders":[]}]
New cart created for user: cff28e2b-eae7-49f7-8608-05ced81af965
Saved carts: [{"products":[],"id":"62955832-b6f2-4097-8949-e64fad588dee","userId":"cff28e2b-eae7-49f7-8608-05ced81af965"}]
Cart after saving: {"products":[],"id":"62955832-b6f2-4097-8949-e64fad588dee","userId":"cff28e2b-eae7-49f7-8608-05ced81af965"}
Carts before adding product: [{"products":[],"id":"62955832-b6f2-4097-8949-e64fad588dee","userId":"cff28e2b-eae7-49f7-8608-05ced81af965"}]
Looking for cart ID: 62955832-b6f2-4097-8949-e64fad588dee
Before adding product: []
After adding product: [{"id":"e658f105-3a09-4575-8e78-d392224ebfa5","name":"Test Product","price":10.0}]
Saved carts: [{"products":[{"id":"e658f105-3a09-4575-8e78-d392224ebfa5","name":"Test Product","price":10.0}],"id":"62955832-b6f2-4097-8949-e64fad588dee","userId":"cff28e2b-eae7-49f7-8608-05ced81af965"}]
 Carts after saving: [{"products":[{"id":"e658f105-3a09-4575-8e78-d392224ebfa5","name":"Test Product","price":10.0}],"id":"62955832-b6f2-4097-8949-e64fad588dee","userId":"cff28e2b-eae7-49f7-8608-05ced81af965"}]
]]></system-out>
  </testcase>
  <testcase name="testAddCartEndPoint" classname="com.example.MiniProject1.MiniProject1ApplicationTests" time="0.003">
    <system-out><![CDATA[New cart created for user: 6805402b-4bea-4f4e-8f2b-e992724a3b34
Saved carts: [{"products":[],"id":"af169705-bb02-473c-993c-3ae7782c2a62","userId":"6805402b-4bea-4f4e-8f2b-e992724a3b34"}]
]]></system-out>
  </testcase>
  <testcase name="testDeleteCartByIdEndPoint" classname="com.example.MiniProject1.MiniProject1ApplicationTests" time="0.003">
    <system-out><![CDATA[All Carts: [{"products":[],"id":"5e3c09d0-7cb0-4aeb-8fc8-664c511bf4b9","userId":"02fb93c4-06f5-4efb-952b-30bbe50f77e4"}]
Before deletion: [{"products":[],"id":"5e3c09d0-7cb0-4aeb-8fc8-664c511bf4b9","userId":"02fb93c4-06f5-4efb-952b-30bbe50f77e4"}]
Cart deleted: 5e3c09d0-7cb0-4aeb-8fc8-664c511bf4b9
Saving: []
After deletion: []
]]></system-out>
  </testcase>
  <testcase name="testGetUserByIdEndPoint" classname="com.example.MiniProject1.MiniProject1ApplicationTests" time="0.003">
    <system-out><![CDATA[All users: [{"id":"2fae1b08-2582-413c-a8fc-6338d917d51f","name":"Test User8","orders":[]}]
]]></system-out>
  </testcase>
  <testcase name="testDeleteUserByIdEndPoint1" classname="com.example.MiniProject1.MiniProject1ApplicationTests" time="0.003">
    <system-out><![CDATA[All users: [{"id":"ccbc809d-fc1c-4010-bc8c-ad253afe4b15","name":"Test User18","orders":[]}]
All users: [{"id":"ccbc809d-fc1c-4010-bc8c-ad253afe4b15","name":"Test User18","orders":[]}]
Saving: []
]]></system-out>
  </testcase>
  <testcase name="testDeleteUserByIdEndPoint2" classname="com.example.MiniProject1.MiniProject1ApplicationTests" time="0.002">
    <system-out><![CDATA[All users: [{"id":"418b179f-ec7c-4b3e-b45b-a3ca787aa858","name":"Test User18","orders":[]}]
]]></system-out>
  </testcase>
</testsuite>